2012-04-30 01:50:14 Error: [MissingViewException] View file "D:\proyectos\labinfsis\src\View\Equipos\tolist.ctp" is missing.
#0 C:\xampp\cakephp-2.1\lib\Cake\View\View.php(460): View->_getViewFileName(NULL)
#1 C:\xampp\cakephp-2.1\lib\Cake\Controller\Controller.php(959): View->render(NULL, NULL)
#2 C:\xampp\cakephp-2.1\lib\Cake\Routing\Dispatcher.php(110): Controller->render()
#3 C:\xampp\cakephp-2.1\lib\Cake\Routing\Dispatcher.php(85): Dispatcher->_invoke(Object(EquiposController), Object(CakeRequest), Object(CakeResponse))
#4 D:\proyectos\labinfsis\src\webroot\index.php(101): Dispatcher->dispatch(Object(CakeRequest), Object(CakeResponse))
#5 {main}
2012-04-30 02:15:17 Error: [MissingControllerException] Controller class LabinfsisController could not be found.
#0 D:\proyectos\labinfsis\src\webroot\index.php(101): Dispatcher->dispatch(Object(CakeRequest), Object(CakeResponse))
#1 {main}
2012-04-30 02:15:17 Error: [MissingControllerException] Controller class LabinfsisController could not be found.
#0 D:\proyectos\labinfsis\src\webroot\index.php(101): Dispatcher->dispatch(Object(CakeRequest), Object(CakeResponse))
#1 {main}
2012-04-30 02:15:17 Error: [MissingControllerException] Controller class LabinfsisController could not be found.
#0 D:\proyectos\labinfsis\src\webroot\index.php(101): Dispatcher->dispatch(Object(CakeRequest), Object(CakeResponse))
#1 {main}
2012-04-30 02:15:34 Error: [MissingControllerException] Controller class LabinfsisController could not be found.
#0 D:\proyectos\labinfsis\src\webroot\index.php(101): Dispatcher->dispatch(Object(CakeRequest), Object(CakeResponse))
#1 {main}
2012-04-30 02:15:34 Error: [MissingControllerException] Controller class LabinfsisController could not be found.
#0 D:\proyectos\labinfsis\src\webroot\index.php(101): Dispatcher->dispatch(Object(CakeRequest), Object(CakeResponse))
#1 {main}
2012-04-30 02:15:34 Error: [MissingControllerException] Controller class LabinfsisController could not be found.
#0 D:\proyectos\labinfsis\src\webroot\index.php(101): Dispatcher->dispatch(Object(CakeRequest), Object(CakeResponse))
#1 {main}
2012-04-30 02:16:47 Error: [MissingControllerException] Controller class JsController could not be found.
#0 D:\proyectos\labinfsis\src\webroot\index.php(101): Dispatcher->dispatch(Object(CakeRequest), Object(CakeResponse))
#1 {main}
